<?xml version="1.0" encoding="UTF-8"?>
<!-- Generated by org.testng.reporters.JUnitReportReporter -->
<testsuite hostname="Meena-DT-PC" name="com.test.LoginPageTest" tests="5" failures="0" timestamp="11 Mar 2016 19:06:21 GMT" time="5.005" errors="0">
  <testcase name="testLogin" time="0.794" classname="com.test.LoginPageTest"/>
  <testcase name="testLogin" time="0.855" classname="com.test.LoginPageTest"/>
  <testcase name="testLogin" time="1.140" classname="com.test.LoginPageTest"/>
  <testcase name="testPerformLogout" time="0.714" classname="com.test.LoginPageTest"/>
  <testcase name="testLogin" time="1.502" classname="com.test.LoginPageTest"/>
</testsuite> <!-- com.test.LoginPageTest -->
