<?xml version="1.0" encoding="UTF-8"?>
<!-- Generated by org.testng.reporters.JUnitReportReporter -->
<testsuite hostname="Meena-DT-PC" name="com.test.HomePageTest" tests="2" failures="0" timestamp="11 Mar 2016 19:06:21 GMT" time="3.257" errors="0">
  <testcase name="testClickExploreLink" time="2.510" classname="com.test.HomePageTest"/>
  <testcase name="testGetLinkCount" time="0.747" classname="com.test.HomePageTest"/>
</testsuite> <!-- com.test.HomePageTest -->
